<?xml version="1.0" encoding="UTF-8"?>
<testsuite xmlns:xsi="http://www.w3.org/2001/XMLSchema-instance" xsi:noNamespaceSchemaLocation="https://maven.apache.org/surefire/maven-surefire-plugin/xsd/surefire-test-report-3.0.xsd" version="3.0" name="tokenizer.TokenizerTest" time="0.546" tests="38" errors="0" skipped="0" failures="0">
  <properties>
    <property name="java.specification.version" value="22"/>
    <property name="sun.cpu.isalist" value="amd64"/>
    <property name="sun.jnu.encoding" value="Cp1252"/>
    <property name="java.class.path" value="C:\Users\joshg\OneDrive\Desktop\comp430TraitorScript\target\test-classes;C:\Users\joshg\OneDrive\Desktop\comp430TraitorScript\target\classes;C:\Users\joshg\.m2\repository\org\junit\jupiter\junit-jupiter-api\5.7.0\junit-jupiter-api-5.7.0.jar;C:\Users\joshg\.m2\repository\org\apiguardian\apiguardian-api\1.1.0\apiguardian-api-1.1.0.jar;C:\Users\joshg\.m2\repository\org\opentest4j\opentest4j\1.2.0\opentest4j-1.2.0.jar;C:\Users\joshg\.m2\repository\org\junit\platform\junit-platform-commons\1.7.0\junit-platform-commons-1.7.0.jar;C:\Users\joshg\.m2\repository\org\junit\jupiter\junit-jupiter-engine\5.7.0\junit-jupiter-engine-5.7.0.jar;C:\Users\joshg\.m2\repository\org\junit\platform\junit-platform-engine\1.7.0\junit-platform-engine-1.7.0.jar;"/>
    <property name="java.vm.vendor" value="Oracle Corporation"/>
    <property name="sun.arch.data.model" value="64"/>
    <property name="user.variant" value=""/>
    <property name="java.vendor.url" value="https://java.oracle.com/"/>
    <property name="user.timezone" value="America/Los_Angeles"/>
    <property name="os.name" value="Windows 11"/>
    <property name="java.vm.specification.version" value="22"/>
    <property name="sun.java.launcher" value="SUN_STANDARD"/>
    <property name="user.country" value="US"/>
    <property name="sun.boot.library.path" value="C:\Program Files\Java\jdk-22\bin"/>
    <property name="sun.java.command" value="C:\Users\joshg\AppData\Local\Temp\surefire71398264769605600\surefirebooter5657254444640840564.jar C:\Users\joshg\AppData\Local\Temp\surefire71398264769605600 2025-03-26T16-23-38_624-jvmRun1 surefire11861956246477069428tmp surefire_017187610846953005618tmp"/>
    <property name="jdk.debug" value="release"/>
    <property name="surefire.test.class.path" value="C:\Users\joshg\OneDrive\Desktop\comp430TraitorScript\target\test-classes;C:\Users\joshg\OneDrive\Desktop\comp430TraitorScript\target\classes;C:\Users\joshg\.m2\repository\org\junit\jupiter\junit-jupiter-api\5.7.0\junit-jupiter-api-5.7.0.jar;C:\Users\joshg\.m2\repository\org\apiguardian\apiguardian-api\1.1.0\apiguardian-api-1.1.0.jar;C:\Users\joshg\.m2\repository\org\opentest4j\opentest4j\1.2.0\opentest4j-1.2.0.jar;C:\Users\joshg\.m2\repository\org\junit\platform\junit-platform-commons\1.7.0\junit-platform-commons-1.7.0.jar;C:\Users\joshg\.m2\repository\org\junit\jupiter\junit-jupiter-engine\5.7.0\junit-jupiter-engine-5.7.0.jar;C:\Users\joshg\.m2\repository\org\junit\platform\junit-platform-engine\1.7.0\junit-platform-engine-1.7.0.jar;"/>
    <property name="sun.cpu.endian" value="little"/>
    <property name="user.home" value="C:\Users\joshg"/>
    <property name="user.language" value="en"/>
    <property name="java.specification.vendor" value="Oracle Corporation"/>
    <property name="java.version.date" value="2024-03-19"/>
    <property name="java.home" value="C:\Program Files\Java\jdk-22"/>
    <property name="file.separator" value="\"/>
    <property name="basedir" value="C:\Users\joshg\OneDrive\Desktop\comp430TraitorScript"/>
    <property name="java.vm.compressedOopsMode" value="32-bit"/>
    <property name="line.separator" value="&#10;"/>
    <property name="java.vm.specification.vendor" value="Oracle Corporation"/>
    <property name="java.specification.name" value="Java Platform API Specification"/>
    <property name="surefire.real.class.path" value="C:\Users\joshg\AppData\Local\Temp\surefire71398264769605600\surefirebooter5657254444640840564.jar"/>
    <property name="user.script" value=""/>
    <property name="sun.management.compiler" value="HotSpot 64-Bit Tiered Compilers"/>
    <property name="java.runtime.version" value="22+36-2370"/>
    <property name="user.name" value="joshg"/>
    <property name="stdout.encoding" value="Cp1252"/>
    <property name="path.separator" value=";"/>
    <property name="os.version" value="10.0"/>
    <property name="java.runtime.name" value="Java(TM) SE Runtime Environment"/>
    <property name="file.encoding" value="UTF-8"/>
    <property name="java.vm.name" value="Java HotSpot(TM) 64-Bit Server VM"/>
    <property name="localRepository" value="C:\Users\joshg\.m2\repository"/>
    <property name="java.vendor.url.bug" value="https://bugreport.java.com/bugreport/"/>
    <property name="java.io.tmpdir" value="C:\Users\joshg\AppData\Local\Temp\"/>
    <property name="java.version" value="22"/>
    <property name="user.dir" value="C:\Users\joshg\OneDrive\Desktop\comp430TraitorScript"/>
    <property name="os.arch" value="amd64"/>
    <property name="java.vm.specification.name" value="Java Virtual Machine Specification"/>
    <property name="sun.os.patch.level" value=""/>
    <property name="native.encoding" value="Cp1252"/>
    <property name="java.library.path" value="C:\Program Files\Java\jdk-22\bin;C:\WINDOWS\Sun\Java\bin;C:\WINDOWS\system32;C:\WINDOWS;C:\Program Files\Common Files\Oracle\Java\javapath;C:\Program Files\Java\jdk-12.0.2\bin;C:\WINDOWS\system32;C:\WINDOWS;C:\WINDOWS\System32\Wbem;C:\WINDOWS\System32\WindowsPowerShell\v1.0\;C:\WINDOWS\System32\OpenSSH\;C:\Program Files\Java\jdk-14.0.1\bin;C:\Program Files\nodejs\;C:\Program Files\Swift\runtime-development\usr\bin;C:\Library\Developer\Toolchains\unknown-Asserts-development.xctoolchain\usr\bin;C:\Program Files\HP\HP One Agent;C:\Program Files\Git\cmd;C:\Program Files\Java\jdk-22\bin;C:\WINDOWS\system32;C:\WINDOWS;C:\WINDOWS\System32\Wbem;C:\WINDOWS\System32\WindowsPowerShell\v1.0\;C:\WINDOWS\System32\OpenSSH\;C:\Program Files\Docker\Docker\resources\bin;C:\Program Files\apache-maven-3.9.9\bin;C:\Program Files\MySQL\MySQL Shell 8.0\bin\;C:\Users\joshg\AppData\Local\Programs\Python\Python311\Scripts\;C:\Users\joshg\AppData\Local\Programs\Python\Python311\;C:\Users\joshg\AppData\Local\Microsoft\WindowsApps;C:\MinGW\bin;C:\Users\joshg\AppData\Local\Programs\Microsoft VS Code\bin;C:\Users\joshg\AppData\Roaming\npm;;."/>
    <property name="java.vm.info" value="mixed mode, sharing"/>
    <property name="stderr.encoding" value="Cp1252"/>
    <property name="java.vendor" value="Oracle Corporation"/>
    <property name="java.vm.version" value="22+36-2370"/>
    <property name="sun.io.unicode.encoding" value="UnicodeLittle"/>
    <property name="java.class.version" value="66.0"/>
  </properties>
  <testcase name="testReadRParenToken" classname="tokenizer.TokenizerTest" time="0.247"/>
  <testcase name="testMethodToken" classname="tokenizer.TokenizerTest" time="0.026"/>
  <testcase name="testReadDEqualsToken" classname="tokenizer.TokenizerTest" time="0.005"/>
  <testcase name="testReadPlusToken" classname="tokenizer.TokenizerTest" time="0.008"/>
  <testcase name="testReadEqualsToken" classname="tokenizer.TokenizerTest" time="0.004"/>
  <testcase name="testLetToken" classname="tokenizer.TokenizerTest" time="0.003"/>
  <testcase name="testDoubleDigitIntegerToken" classname="tokenizer.TokenizerTest" time="0.019"/>
  <testcase name="testEmpty" classname="tokenizer.TokenizerTest" time="0.002"/>
  <testcase name="testSelfToken" classname="tokenizer.TokenizerTest" time="0.004"/>
  <testcase name="testReadLCurlyToken" classname="tokenizer.TokenizerTest" time="0.006"/>
  <testcase name="testReadLessThanToken" classname="tokenizer.TokenizerTest" time="0.003"/>
  <testcase name="testVoidToken" classname="tokenizer.TokenizerTest" time="0.006"/>
  <testcase name="testElseToken" classname="tokenizer.TokenizerTest" time="0.002"/>
  <testcase name="testReadNEqualsToken" classname="tokenizer.TokenizerTest" time="0.008"/>
  <testcase name="testPrintlnToken" classname="tokenizer.TokenizerTest" time="0"/>
  <testcase name="testSingleWhitespaceAndA" classname="tokenizer.TokenizerTest" time="0"/>
  <testcase name="testSingleDigitIntegerToken" classname="tokenizer.TokenizerTest" time="0"/>
  <testcase name="testReadSlashToken" classname="tokenizer.TokenizerTest" time="0.008"/>
  <testcase name="testReadLParenToken" classname="tokenizer.TokenizerTest" time="0.003"/>
  <testcase name="testImplToken" classname="tokenizer.TokenizerTest" time="0.004"/>
  <testcase name="testReadCommaToken" classname="tokenizer.TokenizerTest" time="0.007"/>
  <testcase name="testFuncToken" classname="tokenizer.TokenizerTest" time="0.006"/>
  <testcase name="testBreakToken" classname="tokenizer.TokenizerTest" time="0.004"/>
  <testcase name="testStructToken" classname="tokenizer.TokenizerTest" time="0.004"/>
  <testcase name="testReadColonToken" classname="tokenizer.TokenizerTest" time="0.004"/>
  <testcase name="testReadDotToken" classname="tokenizer.TokenizerTest" time="0.003"/>
  <testcase name="testReadRArrowToken" classname="tokenizer.TokenizerTest" time="0.004"/>
  <testcase name="testWhileToken" classname="tokenizer.TokenizerTest" time="0.007"/>
  <testcase name="testReadRCurlyToken" classname="tokenizer.TokenizerTest" time="0.004"/>
  <testcase name="testForToken" classname="tokenizer.TokenizerTest" time="0.004"/>
  <testcase name="testIfToken" classname="tokenizer.TokenizerTest" time="0.004"/>
  <testcase name="testReadMinusToken" classname="tokenizer.TokenizerTest" time="0.006"/>
  <testcase name="testTraitToken" classname="tokenizer.TokenizerTest" time="0"/>
  <testcase name="testSingleWhitespace" classname="tokenizer.TokenizerTest" time="0.006"/>
  <testcase name="testReadSemicolonToken" classname="tokenizer.TokenizerTest" time="0.004"/>
  <testcase name="testNewToken" classname="tokenizer.TokenizerTest" time="0.003"/>
  <testcase name="testReadStarToken" classname="tokenizer.TokenizerTest" time="0.003"/>
  <testcase name="testReturnToken" classname="tokenizer.TokenizerTest" time="0.007"/>
</testsuite>