<?xml version="1.0" encoding="UTF-8"?>
<testsuite xmlns:xsi="http://www.w3.org/2001/XMLSchema-instance" xsi:noNamespaceSchemaLocation="https://maven.apache.org/surefire/maven-surefire-plugin/xsd/surefire-test-report-3.0.xsd" version="3.0" name="tokenizer.TokenizerTest" time="0.044" tests="20" errors="0" skipped="0" failures="0">
  <properties>
    <property name="java.specification.version" value="19"/>
    <property name="sun.jnu.encoding" value="UTF-8"/>
    <property name="java.class.path" value="/Users/elena/Downloads/Comp430/TraitorScript/target/test-classes:/Users/elena/Downloads/Comp430/TraitorScript/target/classes:/Users/elena/.m2/repository/org/junit/jupiter/junit-jupiter-api/5.7.0/junit-jupiter-api-5.7.0.jar:/Users/elena/.m2/repository/org/apiguardian/apiguardian-api/1.1.0/apiguardian-api-1.1.0.jar:/Users/elena/.m2/repository/org/opentest4j/opentest4j/1.2.0/opentest4j-1.2.0.jar:/Users/elena/.m2/repository/org/junit/platform/junit-platform-commons/1.7.0/junit-platform-commons-1.7.0.jar:/Users/elena/.m2/repository/org/junit/jupiter/junit-jupiter-engine/5.7.0/junit-jupiter-engine-5.7.0.jar:/Users/elena/.m2/repository/org/junit/platform/junit-platform-engine/1.7.0/junit-platform-engine-1.7.0.jar:"/>
    <property name="java.vm.vendor" value="Oracle Corporation"/>
    <property name="sun.arch.data.model" value="64"/>
    <property name="java.vendor.url" value="https://java.oracle.com/"/>
    <property name="os.name" value="Mac OS X"/>
    <property name="java.vm.specification.version" value="19"/>
    <property name="sun.java.launcher" value="SUN_STANDARD"/>
    <property name="user.country" value="US"/>
    <property name="sun.boot.library.path" value="/Library/Java/JavaVirtualMachines/jdk-19.jdk/Contents/Home/lib"/>
    <property name="sun.java.command" value="/Users/elena/Downloads/Comp430/TraitorScript/target/surefire/surefirebooter7931209160107435151.jar /Users/elena/Downloads/Comp430/TraitorScript/target/surefire 2025-03-22T23-18-32_133-jvmRun1 surefire7468779414735663536tmp surefire_0114492782187017877tmp"/>
    <property name="http.nonProxyHosts" value="local|*.local|169.254/16|*.169.254/16"/>
    <property name="jdk.debug" value="release"/>
    <property name="surefire.test.class.path" value="/Users/elena/Downloads/Comp430/TraitorScript/target/test-classes:/Users/elena/Downloads/Comp430/TraitorScript/target/classes:/Users/elena/.m2/repository/org/junit/jupiter/junit-jupiter-api/5.7.0/junit-jupiter-api-5.7.0.jar:/Users/elena/.m2/repository/org/apiguardian/apiguardian-api/1.1.0/apiguardian-api-1.1.0.jar:/Users/elena/.m2/repository/org/opentest4j/opentest4j/1.2.0/opentest4j-1.2.0.jar:/Users/elena/.m2/repository/org/junit/platform/junit-platform-commons/1.7.0/junit-platform-commons-1.7.0.jar:/Users/elena/.m2/repository/org/junit/jupiter/junit-jupiter-engine/5.7.0/junit-jupiter-engine-5.7.0.jar:/Users/elena/.m2/repository/org/junit/platform/junit-platform-engine/1.7.0/junit-platform-engine-1.7.0.jar:"/>
    <property name="sun.cpu.endian" value="little"/>
    <property name="user.home" value="/Users/elena"/>
    <property name="user.language" value="en"/>
    <property name="java.specification.vendor" value="Oracle Corporation"/>
    <property name="java.version.date" value="2023-01-17"/>
    <property name="java.home" value="/Library/Java/JavaVirtualMachines/jdk-19.jdk/Contents/Home"/>
    <property name="file.separator" value="/"/>
    <property name="basedir" value="/Users/elena/Downloads/Comp430/TraitorScript"/>
    <property name="java.vm.compressedOopsMode" value="Zero based"/>
    <property name="line.separator" value="&#10;"/>
    <property name="java.vm.specification.vendor" value="Oracle Corporation"/>
    <property name="java.specification.name" value="Java Platform API Specification"/>
    <property name="apple.awt.application.name" value="ForkedBooter"/>
    <property name="surefire.real.class.path" value="/Users/elena/Downloads/Comp430/TraitorScript/target/surefire/surefirebooter7931209160107435151.jar"/>
    <property name="sun.management.compiler" value="HotSpot 64-Bit Tiered Compilers"/>
    <property name="ftp.nonProxyHosts" value="local|*.local|169.254/16|*.169.254/16"/>
    <property name="java.runtime.version" value="19.0.2+7-44"/>
    <property name="user.name" value="elena"/>
    <property name="stdout.encoding" value="UTF-8"/>
    <property name="path.separator" value=":"/>
    <property name="os.version" value="12.6.2"/>
    <property name="java.runtime.name" value="Java(TM) SE Runtime Environment"/>
    <property name="file.encoding" value="UTF-8"/>
    <property name="java.vm.name" value="Java HotSpot(TM) 64-Bit Server VM"/>
    <property name="localRepository" value="/Users/elena/.m2/repository"/>
    <property name="java.vendor.url.bug" value="https://bugreport.java.com/bugreport/"/>
    <property name="java.io.tmpdir" value="/var/folders/x3/2xmlbtls55l_tnr0qqqs1_yc0000gn/T/"/>
    <property name="java.version" value="19.0.2"/>
    <property name="user.dir" value="/Users/elena/Downloads/Comp430/TraitorScript"/>
    <property name="os.arch" value="aarch64"/>
    <property name="java.vm.specification.name" value="Java Virtual Machine Specification"/>
    <property name="native.encoding" value="UTF-8"/>
    <property name="java.library.path" value="/Users/elena/Library/Java/Extensions:/Library/Java/Extensions:/Network/Library/Java/Extensions:/System/Library/Java/Extensions:/usr/lib/java:."/>
    <property name="java.vm.info" value="mixed mode, sharing"/>
    <property name="stderr.encoding" value="UTF-8"/>
    <property name="java.vendor" value="Oracle Corporation"/>
    <property name="java.vm.version" value="19.0.2+7-44"/>
    <property name="sun.io.unicode.encoding" value="UnicodeBig"/>
    <property name="socksNonProxyHosts" value="local|*.local|169.254/16|*.169.254/16"/>
    <property name="java.class.version" value="63.0"/>
  </properties>
  <testcase name="testReadRParenToken" classname="tokenizer.TokenizerTest" time="0.02"/>
  <testcase name="testReadDEqualsToken" classname="tokenizer.TokenizerTest" time="0.002"/>
  <testcase name="testReadPlusToken" classname="tokenizer.TokenizerTest" time="0.001"/>
  <testcase name="testReadEqualsToken" classname="tokenizer.TokenizerTest" time="0"/>
  <testcase name="testEmpty" classname="tokenizer.TokenizerTest" time="0.001"/>
  <testcase name="testReadLCurlyToken" classname="tokenizer.TokenizerTest" time="0.001"/>
  <testcase name="testReadLessThanToken" classname="tokenizer.TokenizerTest" time="0.001"/>
  <testcase name="testReadNEqualsToken" classname="tokenizer.TokenizerTest" time="0"/>
  <testcase name="testSingleWhitespaceAndA" classname="tokenizer.TokenizerTest" time="0"/>
  <testcase name="testReadSlashToken" classname="tokenizer.TokenizerTest" time="0.001"/>
  <testcase name="testReadLParenToken" classname="tokenizer.TokenizerTest" time="0.001"/>
  <testcase name="testReadCommaToken" classname="tokenizer.TokenizerTest" time="0"/>
  <testcase name="testReadColonToken" classname="tokenizer.TokenizerTest" time="0"/>
  <testcase name="testReadDotToken" classname="tokenizer.TokenizerTest" time="0.001"/>
  <testcase name="testReadRArrowToken" classname="tokenizer.TokenizerTest" time="0"/>
  <testcase name="testReadRCurlyToken" classname="tokenizer.TokenizerTest" time="0"/>
  <testcase name="testReadMinusToken" classname="tokenizer.TokenizerTest" time="0.001"/>
  <testcase name="testSingleWhitespace" classname="tokenizer.TokenizerTest" time="0"/>
  <testcase name="testReadSemicolonToken" classname="tokenizer.TokenizerTest" time="0.001"/>
  <testcase name="testReadStarToken" classname="tokenizer.TokenizerTest" time="0"/>
</testsuite>